1501576485.666443 execve("/tmp/fauxware", ["/tmp/fauxware"], [/* 57 vars */]) = 0
1501576485.666859 brk(NULL)             = 0x10eb000
1501576485.666899 access("/etc/ld.so.nohwcap", F_OK) = -1 ENOENT (No such file or directory)
1501576485.666930 mmap(NULL, 8192, PROT_READ|PROT_WRITE, MAP_PRIVATE|MAP_ANONYMOUS, -1, 0) = 0x2b838f9bd000
1501576485.666961 access("/etc/ld.so.preload", R_OK) = -1 ENOENT (No such file or directory)
1501576485.666985 open("/etc/ld.so.cache", O_RDONLY|O_CLOEXEC) = 6
1501576485.667010 fstat(6, {st_mode=S_IFREG|0644, st_size=111512, ...}) = 0
1501576485.667033 mmap(NULL, 111512, PROT_READ, MAP_PRIVATE, 6, 0) = 0x2b838f9bf000
1501576485.667054 close(6)              = 0
1501576485.667075 access("/etc/ld.so.nohwcap", F_OK) = -1 ENOENT (No such file or directory)
1501576485.667101 open("/lib/x86_64-linux-gnu/libc.so.6", O_RDONLY|O_CLOEXEC) = 6
1501576485.667124 read(6, "\177ELF\2\1\1\3\0\0\0\0\0\0\0\0\3\0>\0\1\0\0\0P\t\2\0\0\0\0\0"..., 832) = 832
1501576485.667147 fstat(6, {st_mode=S_IFREG|0755, st_size=1868984, ...}) = 0
1501576485.667169 mmap(NULL, 3971488, PROT_READ|PROT_EXEC, MAP_PRIVATE|MAP_DENYWRITE, 6, 0) = 0x2b838fbbf000
1501576485.667191 mprotect(0x2b838fd7f000, 2097152, PROT_NONE) = 0
1501576485.667214 mmap(0x2b838ff7f000, 24576, PROT_READ|PROT_WRITE, MAP_PRIVATE|MAP_FIXED|MAP_DENYWRITE, 6, 0x1c0000) = 0x2b838ff7f000
1501576485.667242 mmap(0x2b838ff85000, 14752, PROT_READ|PROT_WRITE, MAP_PRIVATE|MAP_FIXED|MAP_ANONYMOUS, -1, 0) = 0x2b838ff85000
1501576485.667267 close(6)              = 0
1501576485.667295 mmap(NULL, 4096, PROT_READ|PROT_WRITE, MAP_PRIVATE|MAP_ANONYMOUS, -1, 0) = 0x2b838f9db000
1501576485.667316 mmap(NULL, 4096, PROT_READ|PROT_WRITE, MAP_PRIVATE|MAP_ANONYMOUS, -1, 0) = 0x2b838f9dc000
1501576485.667337 arch_prctl(ARCH_SET_FS, 0x2b838f9dbb40) = 0
1501576485.667401 mprotect(0x2b838ff7f000, 16384, PROT_READ) = 0
1501576485.667425 mprotect(0x600000, 4096, PROT_READ) = 0
1501576485.667493 mprotect(0x2b838fbbc000, 4096, PROT_READ) = 0
1501576485.667515 munmap(0x2b838f9bf000, 111512) = 0
1501576485.667579 fstat(1, {st_mode=S_IFCHR|0620, st_rdev=makedev(136, 1), ...}) = 0
1501576485.667632 brk(NULL)             = 0x10eb000
1501576485.667650 brk(0x110c000)        = 0x110c000
1501576485.667673 write(1, "Username: \n", 11) = 11
1501576485.667718 read(0, "\0\0\0\0\0\0\0\0", 8) = 8
1501576485.667747 read(0, "\0", 1)      = 1
1501576485.667770 write(1, "Password: \n", 11) = 11
1501576485.667792 read(0, "S\200\200\200\200@\200@", 8) = 8
1501576485.667812 read(0, "\0", 1)      = 1
1501576485.667832 open("", O_RDONLY)    = -1 ENOENT (No such file or directory)
1501576485.667855 read(-1, 0x7ffca05f88d0, 8) = -1 EBADF (Bad file descriptor)
1501576485.667883 write(1, "Go away!", 8) = 8
1501576485.667909 exit_group(1)         = ?
1501576485.667963 +++ exited with 1 +++
